Using pre-set license
Built from '2021.3/staging' branch; Version is '2021.3.6f1 (7da38d85baf6) revision 8233869'; Using compiler version '192829333'; Build Type 'Release'
OS: 'Windows 10  (10.0.19044) 64bit Professional' Language: 'en' Physical Memory: 16125 MB
BatchMode: 1, IsHumanControllingUs: 0, StartBugReporterOnCrash: 0, Is64bit: 1, IsPro: 1

COMMAND LINE ARGUMENTS:
C:\Program Files\Unity\Hub\Editor\2021.3.6f1\Editor\Unity.exe
-adb2
-batchMode
-noUpm
-name
AssetImportWorker0
-projectPath
C:/Users/r1199/Documents/GitHub/Nature
-logFile
Logs/AssetImportWorker0.log
-srvPort
60173
Successfully changed project path to: C:/Users/r1199/Documents/GitHub/Nature
C:/Users/r1199/Documents/GitHub/Nature
[UnityMemory] Configuration Parameters - Can be set up in boot.config
    "memorysetup-bucket-allocator-granularity=16"
    "memorysetup-bucket-allocator-bucket-count=8"
    "memorysetup-bucket-allocator-block-size=33554432"
    "memorysetup-bucket-allocator-block-count=8"
    "memorysetup-main-allocator-block-size=16777216"
    "memorysetup-thread-allocator-block-size=16777216"
    "memorysetup-gfx-main-allocator-block-size=16777216"
    "memorysetup-gfx-thread-allocator-block-size=16777216"
    "memorysetup-cache-allocator-block-size=4194304"
    "memorysetup-typetree-allocator-block-size=2097152"
    "memorysetup-profiler-bucket-allocator-granularity=16"
    "memorysetup-profiler-bucket-allocator-bucket-count=8"
    "memorysetup-profiler-bucket-allocator-block-size=33554432"
    "memorysetup-profiler-bucket-allocator-block-count=8"
    "memorysetup-profiler-allocator-block-size=16777216"
    "memorysetup-profiler-editor-allocator-block-size=1048576"
    "memorysetup-temp-allocator-size-main=16777216"
    "memorysetup-job-temp-allocator-block-size=2097152"
    "memorysetup-job-temp-allocator-block-size-background=1048576"
    "memorysetup-job-temp-allocator-reduction-small-platforms=262144"
    "memorysetup-temp-allocator-size-background-worker=32768"
    "memorysetup-temp-allocator-size-job-worker=262144"
    "memorysetup-temp-allocator-size-preload-manager=33554432"
    "memorysetup-temp-allocator-size-nav-mesh-worker=65536"
    "memorysetup-temp-allocator-size-audio-worker=65536"
    "memorysetup-temp-allocator-size-cloud-worker=32768"
    "memorysetup-temp-allocator-size-gi-baking-worker=262144"
    "memorysetup-temp-allocator-size-gfx=262144"
Refreshing native plugins compatible for Editor in 160.75 ms, found 4 plugins.
Preloading 0 native plugins for Editor in 0.00 ms.
Initialize engine version: 2021.3.6f1 (7da38d85baf6)
[Subsystems] Discovering subsystems at path C:/Program Files/Unity/Hub/Editor/2021.3.6f1/Editor/Data/Resources/UnitySubsystems
[Subsystems] Discovering subsystems at path C:/Users/r1199/Documents/GitHub/Nature/Assets
GfxDevice: creating device client; threaded=0; jobified=0
Direct3D:
    Version:  Direct3D 11.0 [level 11.1]
    Renderer: NVIDIA GeForce RTX 3060 (ID=0x2504)
    Vendor:   NVIDIA
    VRAM:     12142 MB
    Driver:   31.0.15.1659
Initialize mono
Mono path[0] = 'C:/Program Files/Unity/Hub/Editor/2021.3.6f1/Editor/Data/Managed'
Mono path[1] = 'C:/Program Files/Unity/Hub/Editor/2021.3.6f1/Editor/Data/MonoBleedingEdge/lib/mono/unityjit-win32'
Mono config path = 'C:/Program Files/Unity/Hub/Editor/2021.3.6f1/Editor/Data/MonoBleedingEdge/etc'
Using monoOptions --debugger-agent=transport=dt_socket,embedding=1,server=y,suspend=n,address=127.0.0.1:56364
Begin MonoManager ReloadAssembly
Registering precompiled unity dll's ...
Register platform support module: C:/Program Files/Unity/Hub/Editor/2021.3.6f1/Editor/Data/PlaybackEngines/WebGLSupport/UnityEditor.WebGL.Extensions.dll
Register platform support module: C:/Program Files/Unity/Hub/Editor/2021.3.6f1/Editor/Data/PlaybackEngines/WindowsStandaloneSupport/UnityEditor.WindowsStandalone.Extensions.dll
Registered in 0.008537 seconds.
Native extension for WindowsStandalone target not found
Native extension for WebGL target not found
Refreshing native plugins compatible for Editor in 156.69 ms, found 4 plugins.
Preloading 0 native plugins for Editor in 0.00 ms.
Mono: successfully reloaded assembly
- Completed reload, in  0.786 seconds
Domain Reload Profiling:
	ReloadAssembly (787ms)
		BeginReloadAssembly (87ms)
			ExecutionOrderSort (0ms)
			DisableScriptedObjects (0ms)
			BackupInstance (0ms)
			ReleaseScriptingObjects (0ms)
			CreateAndSetChildDomain (1ms)
		EndReloadAssembly (577ms)
			LoadAssemblies (85ms)
			RebuildTransferFunctionScriptingTraits (0ms)
			SetupTypeCache (110ms)
			ReleaseScriptCaches (0ms)
			RebuildScriptCaches (30ms)
			SetupLoadedEditorAssemblies (378ms)
				LogAssemblyErrors (0ms)
				InitializePlatformSupportModulesInManaged (11ms)
				SetLoadedEditorAssemblies (0ms)
				RefreshPlugins (157ms)
				BeforeProcessingInitializeOnLoad (1ms)
				ProcessInitializeOnLoadAttributes (158ms)
				ProcessInitializeOnLoadMethodAttributes (50ms)
				AfterProcessingInitializeOnLoad (0ms)
				EditorAssembliesLoaded (0ms)
			ExecutionOrderSort2 (0ms)
			AwakeInstancesAfterBackupRestoration (0ms)
Platform modules already initialized, skipping
Registering precompiled user dll's ...
Registered in 0.014443 seconds.
Begin MonoManager ReloadAssembly
Symbol file LoadedFromMemory doesn't match image C:\Users\r1199\Documents\GitHub\Nature\Library\PackageCache\com.unity.visualscripting@1.7.8\Editor\VisualScripting.Core\Dependencies\YamlDotNet\Unity.VisualScripting.YamlDotNet.dll
Symbol file LoadedFromMemory doesn't match image C:\Users\r1199\Documents\GitHub\Nature\Library\PackageCache\com.unity.visualscripting@1.7.8\Editor\VisualScripting.Core\Dependencies\DotNetZip\Unity.VisualScripting.IonicZip.dll
Native extension for WindowsStandalone target not found
Native extension for WebGL target not found
Refreshing native plugins compatible for Editor in 157.29 ms, found 4 plugins.
Preloading 0 native plugins for Editor in 0.00 ms.
Mono: successfully reloaded assembly
- Completed reload, in  3.524 seconds
Domain Reload Profiling:
	ReloadAssembly (3525ms)
		BeginReloadAssembly (105ms)
			ExecutionOrderSort (0ms)
			DisableScriptedObjects (6ms)
			BackupInstance (0ms)
			ReleaseScriptingObjects (0ms)
			CreateAndSetChildDomain (18ms)
		EndReloadAssembly (3284ms)
			LoadAssemblies (93ms)
			RebuildTransferFunctionScriptingTraits (0ms)
			SetupTypeCache (342ms)
			ReleaseScriptCaches (1ms)
			RebuildScriptCaches (87ms)
			SetupLoadedEditorAssemblies (2690ms)
				LogAssemblyErrors (0ms)
				InitializePlatformSupportModulesInManaged (7ms)
				SetLoadedEditorAssemblies (0ms)
				RefreshPlugins (157ms)
				BeforeProcessingInitializeOnLoad (161ms)
				ProcessInitializeOnLoadAttributes (2198ms)
				ProcessInitializeOnLoadMethodAttributes (158ms)
				AfterProcessingInitializeOnLoad (8ms)
				EditorAssembliesLoaded (0ms)
			ExecutionOrderSort2 (0ms)
			AwakeInstancesAfterBackupRestoration (6ms)
Platform modules already initialized, skipping
========================================================================
Worker process is ready to serve import requests
Launched and connected shader compiler UnityShaderCompiler.exe after 0.04 seconds
Refreshing native plugins compatible for Editor in 1.29 ms, found 4 plugins.
Preloading 0 native plugins for Editor in 0.00 ms.
Unloading 6167 Unused Serialized files (Serialized files now loaded: 0)
Unloading 59 unused Assets / (0.7 MB). Loaded Objects now: 6671.
Memory consumption went from 239.7 MB to 239.1 MB.
Total: 32.709700 ms (FindLiveObjects: 0.829600 ms CreateObjectMapping: 0.266300 ms MarkObjects: 31.296800 ms  DeleteObjects: 0.315500 ms)

AssetImportParameters requested are different than current active one (requested -> active):
  custom:video-decoder-ogg-theora: a1e56fd34408186e4bbccfd4996cb3dc -> 
  custom:container-muxer-webm: aa71ff27fc2769a1b78a27578f13a17b -> 
  custom:container-demuxer-webm: 4f35f7cbe854078d1ac9338744f61a02 -> 
  custom:video-encoder-webm-vp8: eb34c28f22e8b96e1ab97ce403110664 -> 
  custom:audio-encoder-webm-vorbis: bf7c407c2cedff20999df2af8eb42d56 -> 
  custom:framework-win-MediaFoundation: 216162199b28c13a410421893ffa2e32 -> 
  custom:container-demuxer-ogg: 62fdf1f143b41e24485cea50d1cbac27 -> 
  custom:video-decoder-webm-vp8: 9c59270c3fd7afecdb556c50c9e8de78 -> 
  custom:audio-decoder-ogg-vorbis: bf7c407c2cedff20999df2af8eb42d56 -> 
========================================================================
Received Import Request.
  Time since last request: 32488.577327 seconds.
  path: Assets/Art/CampGamePc/DownwardPc Idle-0001.png
  artifactKey: Guid(b22fb87ac20d56849b38ca97fb23f79f) Importer(815301076,1909f56bfc062723c751e8b465ee728b)
Start importing Assets/Art/CampGamePc/DownwardPc Idle-0001.png using Guid(b22fb87ac20d56849b38ca97fb23f79f) Importer(815301076,1909f56bfc062723c751e8b465ee728b)  -> (artifact id: '3bccd09a7b799fbfe27af34771808c62') in 0.154594 seconds 
========================================================================
Received Import Request.
  Time since last request: 0.000029 seconds.
  path: Assets/Art/Forest pack/Fog/Fog 2.png
  artifactKey: Guid(47549a7f939624d4a95a3b63410d2cfa) Importer(815301076,1909f56bfc062723c751e8b465ee728b)
Start importing Assets/Art/Forest pack/Fog/Fog 2.png using Guid(47549a7f939624d4a95a3b63410d2cfa) Importer(815301076,1909f56bfc062723c751e8b465ee728b)  -> (artifact id: '555f0174a0f5b9a8552866a49ee3c047') in 0.033541 seconds 
========================================================================
Received Import Request.
  Time since last request: 0.000025 seconds.
  path: Assets/Art/Forest pack/Fog/Fog 1.png
  artifactKey: Guid(d08113870f6eec649986b03c4eb9c513) Importer(815301076,1909f56bfc062723c751e8b465ee728b)
Start importing Assets/Art/Forest pack/Fog/Fog 1.png using Guid(d08113870f6eec649986b03c4eb9c513) Importer(815301076,1909f56bfc062723c751e8b465ee728b)  -> (artifact id: '33eb5c9a7d672c201da7bf7760ba2bd5') in 0.041011 seconds 
========================================================================
Received Import Request.
  Time since last request: 0.000033 seconds.
  path: Assets/Art/Forest pack/Fog/Fog 3.png
  artifactKey: Guid(d74e6944c800a8f41bb8896e6e4ac08f) Importer(815301076,1909f56bfc062723c751e8b465ee728b)
Start importing Assets/Art/Forest pack/Fog/Fog 3.png using Guid(d74e6944c800a8f41bb8896e6e4ac08f) Importer(815301076,1909f56bfc062723c751e8b465ee728b)  -> (artifact id: '65d3ca6588a2fc9efa8ec06b994bfd82') in 0.038029 seconds 
========================================================================
Received Import Request.
  Time since last request: 0.000021 seconds.
  path: Assets/Art/Basic/fade_Square.png
  artifactKey: Guid(7b53b86aa60d37b40805540b662a4e6a) Importer(815301076,1909f56bfc062723c751e8b465ee728b)
Start importing Assets/Art/Basic/fade_Square.png using Guid(7b53b86aa60d37b40805540b662a4e6a) Importer(815301076,1909f56bfc062723c751e8b465ee728b)  -> (artifact id: '9aec6dbc7ced16a6896a0ae63daf3487') in 0.125920 seconds 
========================================================================
Received Import Request.
  Time since last request: 96.265028 seconds.
  path: Assets/Art/Forest pack/Fog/Prefabs/BigFog50op.prefab
  artifactKey: Guid(a9269e89ea101d84888c8a08eb8e7fe2) Importer(815301076,1909f56bfc062723c751e8b465ee728b)
Start importing Assets/Art/Forest pack/Fog/Prefabs/BigFog50op.prefab using Guid(a9269e89ea101d84888c8a08eb8e7fe2) Importer(815301076,1909f56bfc062723c751e8b465ee728b)  -> (artifact id: 'c4bc26e7c687e7af4c1b24ef0e1f7408') in 0.217728 seconds 
========================================================================
Received Import Request.
  Time since last request: 0.000031 seconds.
  path: Packages/com.unity.render-pipelines.core/Runtime/Debugging/Prefabs/Widgets/DebugUIEnumHistory.prefab
  artifactKey: Guid(b2da6b27df236b144b3516ed8e7d36ac) Importer(815301076,1909f56bfc062723c751e8b465ee728b)
Start importing Packages/com.unity.render-pipelines.core/Runtime/Debugging/Prefabs/Widgets/DebugUIEnumHistory.prefab using Guid(b2da6b27df236b144b3516ed8e7d36ac) Importer(815301076,1909f56bfc062723c751e8b465ee728b)  -> (artifact id: '4a1eb9cf3449ba5955735abab58a4420') in 0.014528 seconds 
========================================================================
Received Import Request.
  Time since last request: 0.000036 seconds.
  path: Assets/Art/Forest pack/Prefabs/Dark Forest Tree.prefab
  artifactKey: Guid(fae9c6c7d50e8f84aaf0edf99c4626b8) Importer(815301076,1909f56bfc062723c751e8b465ee728b)
Start importing Assets/Art/Forest pack/Prefabs/Dark Forest Tree.prefab using Guid(fae9c6c7d50e8f84aaf0edf99c4626b8) Importer(815301076,1909f56bfc062723c751e8b465ee728b)  -> (artifact id: 'd662fb4b301446e60b2261acc9da5717') in 0.042380 seconds 
========================================================================
Received Import Request.
  Time since last request: 0.000021 seconds.
  path: Packages/com.unity.render-pipelines.core/Runtime/Debugging/Prefabs/Widgets/DebugUIMessageBox.prefab
  artifactKey: Guid(10a25524b0986f9488b430e2829bbbe8) Importer(815301076,1909f56bfc062723c751e8b465ee728b)
Start importing Packages/com.unity.render-pipelines.core/Runtime/Debugging/Prefabs/Widgets/DebugUIMessageBox.prefab using Guid(10a25524b0986f9488b430e2829bbbe8) Importer(815301076,1909f56bfc062723c751e8b465ee728b)  -> (artifact id: '6867c641b849e8970a0547add17151d3') in 0.012235 seconds 
========================================================================
Received Import Request.
  Time since last request: 0.000025 seconds.
  path: Packages/com.unity.render-pipelines.core/Runtime/Debugging/Prefabs/Widgets/DebugUIRow.prefab
  artifactKey: Guid(2d019437ff89b8d44949727731cd9357) Importer(815301076,1909f56bfc062723c751e8b465ee728b)
Start importing Packages/com.unity.render-pipelines.core/Runtime/Debugging/Prefabs/Widgets/DebugUIRow.prefab using Guid(2d019437ff89b8d44949727731cd9357) Importer(815301076,1909f56bfc062723c751e8b465ee728b)  -> (artifact id: '441ec2ad872ff85cc155214f873499f6') in 0.014265 seconds 
========================================================================
Received Import Request.
  Time since last request: 0.000025 seconds.
  path: Packages/com.unity.render-pipelines.core/Runtime/Debugging/Prefabs/Widgets/DebugUIToggleHistory.prefab
  artifactKey: Guid(5088d0220f0c4df439cf06c5c270eacb) Importer(815301076,1909f56bfc062723c751e8b465ee728b)
Start importing Packages/com.unity.render-pipelines.core/Runtime/Debugging/Prefabs/Widgets/DebugUIToggleHistory.prefab using Guid(5088d0220f0c4df439cf06c5c270eacb) Importer(815301076,1909f56bfc062723c751e8b465ee728b)  -> (artifact id: 'c797ac93317c66186e9cfbfd15318f9b') in 0.012129 seconds 
========================================================================
Received Import Request.
  Time since last request: 0.000034 seconds.
  path: Packages/com.unity.render-pipelines.core/Runtime/Debugging/Prefabs/Widgets/DebugUIFoldout.prefab
  artifactKey: Guid(1c87ab2ce8b8b304d98fbe9a734b1f74) Importer(815301076,1909f56bfc062723c751e8b465ee728b)
Start importing Packages/com.unity.render-pipelines.core/Runtime/Debugging/Prefabs/Widgets/DebugUIFoldout.prefab using Guid(1c87ab2ce8b8b304d98fbe9a734b1f74) Importer(815301076,1909f56bfc062723c751e8b465ee728b)  -> (artifact id: '3e9dbe55bfc64d20bc2d8ecf5487e859') in 0.011201 seconds 
========================================================================
Received Import Request.
  Time since last request: 0.000026 seconds.
  path: Assets/Art/KrishnaPalacio/MINIFANTASY Forgotten Plains - Super Low Res 2D Pixel Art by Krishna Palacio/Tile Palettes/Standard Tiles/Ground/FP Ground.prefab
  artifactKey: Guid(6a6781ae92da1a143a75d22d323f21e4) Importer(815301076,1909f56bfc062723c751e8b465ee728b)
Start importing Assets/Art/KrishnaPalacio/MINIFANTASY Forgotten Plains - Super Low Res 2D Pixel Art by Krishna Palacio/Tile Palettes/Standard Tiles/Ground/FP Ground.prefab using Guid(6a6781ae92da1a143a75d22d323f21e4) Importer(815301076,1909f56bfc062723c751e8b465ee728b)  -> (artifact id: '1fb3fa0f5a59bfe36b7ec373f3466030') in 0.075687 seconds 
========================================================================
Received Import Request.
  Time since last request: 0.000031 seconds.
  path: Packages/com.unity.render-pipelines.core/Runtime/Debugging/Prefabs/Widgets/DebugUIPanel.prefab
  artifactKey: Guid(daa46a58178a6ad41ae1ddc2dc7f856d) Importer(815301076,1909f56bfc062723c751e8b465ee728b)
Start importing Packages/com.unity.render-pipelines.core/Runtime/Debugging/Prefabs/Widgets/DebugUIPanel.prefab using Guid(daa46a58178a6ad41ae1ddc2dc7f856d) Importer(815301076,1909f56bfc062723c751e8b465ee728b)  -> (artifact id: '1afa8c0e3e6af4f82157fbcf3084f170') in 0.017436 seconds 
========================================================================
Received Import Request.
  Time since last request: 0.000036 seconds.
  path: Packages/com.unity.render-pipelines.core/Runtime/Debugging/Prefabs/Widgets/DebugUIUIntField.prefab
  artifactKey: Guid(f22bcc84a5f4a1944b075a2c4ac71493) Importer(815301076,1909f56bfc062723c751e8b465ee728b)
Start importing Packages/com.unity.render-pipelines.core/Runtime/Debugging/Prefabs/Widgets/DebugUIUIntField.prefab using Guid(f22bcc84a5f4a1944b075a2c4ac71493) Importer(815301076,1909f56bfc062723c751e8b465ee728b)  -> (artifact id: '25a94f2727a4a2222ebd76147a033a26') in 0.010733 seconds 
========================================================================
Received Import Request.
  Time since last request: 0.000034 seconds.
  path: Packages/com.unity.render-pipelines.core/Runtime/Debugging/Prefabs/Widgets/DebugUIButton.prefab
  artifactKey: Guid(f6ce33b91f6ffe54cadacbf4bb112440) Importer(815301076,1909f56bfc062723c751e8b465ee728b)
Start importing Packages/com.unity.render-pipelines.core/Runtime/Debugging/Prefabs/Widgets/DebugUIButton.prefab using Guid(f6ce33b91f6ffe54cadacbf4bb112440) Importer(815301076,1909f56bfc062723c751e8b465ee728b)  -> (artifact id: 'f73268c0220044bb7a526fe0ff2f0149') in 0.011703 seconds 
========================================================================
Received Import Request.
  Time since last request: 0.000025 seconds.
  path: Packages/com.unity.render-pipelines.core/Runtime/Debugging/Prefabs/Widgets/DebugUIEnumField.prefab
  artifactKey: Guid(988db55689193434fb0b3b89538f978f) Importer(815301076,1909f56bfc062723c751e8b465ee728b)
Start importing Packages/com.unity.render-pipelines.core/Runtime/Debugging/Prefabs/Widgets/DebugUIEnumField.prefab using Guid(988db55689193434fb0b3b89538f978f) Importer(815301076,1909f56bfc062723c751e8b465ee728b)  -> (artifact id: 'b78fb6e22d315da353b73a57b56ea4df') in 0.010702 seconds 
========================================================================
Received Import Request.
  Time since last request: 0.000027 seconds.
  path: Packages/com.unity.render-pipelines.core/Runtime/Debugging/Prefabs/Widgets/DebugUIBitField.prefab
  artifactKey: Guid(7c78b588b2e1f7c4a86ca4a985cf6e4a) Importer(815301076,1909f56bfc062723c751e8b465ee728b)
Start importing Packages/com.unity.render-pipelines.core/Runtime/Debugging/Prefabs/Widgets/DebugUIBitField.prefab using Guid(7c78b588b2e1f7c4a86ca4a985cf6e4a) Importer(815301076,1909f56bfc062723c751e8b465ee728b)  -> (artifact id: 'e1c783e53519f56b16bcf6da189dc756') in 0.022414 seconds 
========================================================================
Received Import Request.
  Time since last request: 0.000028 seconds.
  path: Assets/Art/KrishnaPalacio/MINIFANTASY Forgotten Plains - Super Low Res 2D Pixel Art by Krishna Palacio/Tile Palettes/Animated Tiles/River/FP River Animated.prefab
  artifactKey: Guid(aeda3d6247330574d8fa854cc5feffc5) Importer(815301076,1909f56bfc062723c751e8b465ee728b)
Start importing Assets/Art/KrishnaPalacio/MINIFANTASY Forgotten Plains - Super Low Res 2D Pixel Art by Krishna Palacio/Tile Palettes/Animated Tiles/River/FP River Animated.prefab using Guid(aeda3d6247330574d8fa854cc5feffc5) Importer(815301076,1909f56bfc062723c751e8b465ee728b)  -> (artifact id: '3ba737682ee28a0dc3101d318a17dfd5') in 0.052406 seconds 
========================================================================
Received Import Request.
  Time since last request: 0.000026 seconds.
  path: Packages/com.unity.render-pipelines.core/Runtime/Debugging/Prefabs/Widgets/DebugUIVector3.prefab
  artifactKey: Guid(94afea5f242d72547979595ba963f335) Importer(815301076,1909f56bfc062723c751e8b465ee728b)
Start importing Packages/com.unity.render-pipelines.core/Runtime/Debugging/Prefabs/Widgets/DebugUIVector3.prefab using Guid(94afea5f242d72547979595ba963f335) Importer(815301076,1909f56bfc062723c751e8b465ee728b)  -> (artifact id: 'e6f2930a6ca662bc3da82e5f08baf5cc') in 0.012379 seconds 
========================================================================
Received Import Request.
  Time since last request: 0.000026 seconds.
  path: Packages/com.unity.render-pipelines.core/Runtime/Debugging/Prefabs/Widgets/DebugUIHBox.prefab
  artifactKey: Guid(f7f5e36797cf0c1408561665c67b179b) Importer(815301076,1909f56bfc062723c751e8b465ee728b)
Start importing Packages/com.unity.render-pipelines.core/Runtime/Debugging/Prefabs/Widgets/DebugUIHBox.prefab using Guid(f7f5e36797cf0c1408561665c67b179b) Importer(815301076,1909f56bfc062723c751e8b465ee728b)  -> (artifact id: 'b43b73d0c3f19de28641a3de4314fba1') in 0.008700 seconds 
========================================================================
Received Import Request.
  Time since last request: 0.000034 seconds.
  path: Assets/Art/Enemy/Prefabs/Enemy Custom.prefab
  artifactKey: Guid(6f4d873c4e50f3043a3a03560196913f) Importer(815301076,1909f56bfc062723c751e8b465ee728b)
Start importing Assets/Art/Enemy/Prefabs/Enemy Custom.prefab using Guid(6f4d873c4e50f3043a3a03560196913f) Importer(815301076,1909f56bfc062723c751e8b465ee728b)  -> (artifact id: 'd45d4dee174989e9b8552bbee3a0465d') in 0.016333 seconds 
========================================================================
Received Import Request.
  Time since last request: 0.000027 seconds.
  path: Assets/Art/Forest pack/Prefabs/Dark Forest Dead Shrub.prefab
  artifactKey: Guid(14d7de96412370e489ea472ff8a64be7) Importer(815301076,1909f56bfc062723c751e8b465ee728b)
Start importing Assets/Art/Forest pack/Prefabs/Dark Forest Dead Shrub.prefab using Guid(14d7de96412370e489ea472ff8a64be7) Importer(815301076,1909f56bfc062723c751e8b465ee728b)  -> (artifact id: '4fe40b588313a9948a6b6e1dbee77682') in 0.013731 seconds 
========================================================================
Received Import Request.
  Time since last request: 0.000034 seconds.
  path: Assets/Art/KrishnaPalacio/MINIFANTASY Forgotten Plains - Super Low Res 2D Pixel Art by Krishna Palacio/Tile Palettes/Animated Tiles/Waterfall/FP Waterfall Animated.prefab
  artifactKey: Guid(2bd65e8cbfcf212419e9cbfb3c999165) Importer(815301076,1909f56bfc062723c751e8b465ee728b)
Start importing Assets/Art/KrishnaPalacio/MINIFANTASY Forgotten Plains - Super Low Res 2D Pixel Art by Krishna Palacio/Tile Palettes/Animated Tiles/Waterfall/FP Waterfall Animated.prefab using Guid(2bd65e8cbfcf212419e9cbfb3c999165) Importer(815301076,1909f56bfc062723c751e8b465ee728b)  -> (artifact id: '5254a494ca47718861611726ce620c38') in 0.027369 seconds 
========================================================================
Received Import Request.
  Time since last request: 0.000025 seconds.
  path: Assets/Art/KrishnaPalacio/MINIFANTASY Forgotten Plains - Super Low Res 2D Pixel Art by Krishna Palacio/Tile Palettes/Rule Tiles/FP Rule Tiles.prefab
  artifactKey: Guid(0727e854e691beb41813e57256803b51) Importer(815301076,1909f56bfc062723c751e8b465ee728b)
Start importing Assets/Art/KrishnaPalacio/MINIFANTASY Forgotten Plains - Super Low Res 2D Pixel Art by Krishna Palacio/Tile Palettes/Rule Tiles/FP Rule Tiles.prefab using Guid(0727e854e691beb41813e57256803b51) Importer(815301076,1909f56bfc062723c751e8b465ee728b)  -> (artifact id: '3c25f70e8e2a841588a95907f9fc3b6d') in 0.040650 seconds 
========================================================================
Received Import Request.
  Time since last request: 0.000028 seconds.
  path: Packages/com.unity.render-pipelines.core/Runtime/Debugging/Prefabs/Widgets/DebugUIIntField.prefab
  artifactKey: Guid(ae00bb75e0cd5b04b8fe7fb4ab662629) Importer(815301076,1909f56bfc062723c751e8b465ee728b)
Start importing Packages/com.unity.render-pipelines.core/Runtime/Debugging/Prefabs/Widgets/DebugUIIntField.prefab using Guid(ae00bb75e0cd5b04b8fe7fb4ab662629) Importer(815301076,1909f56bfc062723c751e8b465ee728b)  -> (artifact id: '3c00b8dcc13631ba17f5bcce46a7f4a3') in 0.010882 seconds 
========================================================================
Received Import Request.
  Time since last request: 0.000025 seconds.
  path: Assets/Art/Forest pack/Pallet/Dark Forest.prefab
  artifactKey: Guid(b71d6b6dacfaab94ca2b657b1690c56e) Importer(815301076,1909f56bfc062723c751e8b465ee728b)
Start importing Assets/Art/Forest pack/Pallet/Dark Forest.prefab using Guid(b71d6b6dacfaab94ca2b657b1690c56e) Importer(815301076,1909f56bfc062723c751e8b465ee728b)  -> (artifact id: 'bb5de4ceb03171542f5e1c5ac3f9e530') in 0.095523 seconds 
========================================================================
Received Import Request.
  Time since last request: 0.000033 seconds.
  path: Packages/com.unity.render-pipelines.core/Runtime/Debugging/Prefabs/Resources/DebugUICanvas.prefab
  artifactKey: Guid(cf6cbdd672089a84796e55a21fed1cbe) Importer(815301076,1909f56bfc062723c751e8b465ee728b)
Start importing Packages/com.unity.render-pipelines.core/Runtime/Debugging/Prefabs/Resources/DebugUICanvas.prefab using Guid(cf6cbdd672089a84796e55a21fed1cbe) Importer(815301076,1909f56bfc062723c751e8b465ee728b)  -> (artifact id: '69fc5526cddfd837d0db3069bf184b1c') in 0.040522 seconds 
Editor requested this worker to shutdown with reason: Scaling down because of idle timeout
AssetImportWorker is now disconnected from the server
Process exiting
Exiting without the bug reporter. Application will terminate with return code 0